<?xml version="1.0" encoding="UTF-8"?>
<!-- Generated by org.testng.reporters.JUnitReportReporter -->
<testsuite hostname="LAPTOP-RG5BBFG9" name="myAccountPageTests.ValidateMessageForValidContactType" tests="2" failures="0" timestamp="14 Sep 2021 16:47:04 GMT" time="125.852" errors="0">
  <testcase name="validateMessageForValidPreferredContactType" time="61.118" classname="myAccountPageTests.ValidateMessageForValidContactType"/>
  <testcase name="validateMessageForValidPreferredContactType" time="64.734" classname="myAccountPageTests.ValidateMessageForValidContactType"/>
</testsuite> <!-- myAccountPageTests.ValidateMessageForValidContactType -->
