<?xml version="1.0" encoding="UTF-8"?>
<!-- Generated by org.testng.reporters.JUnitReportReporter -->
<testsuite hostname="LAPTOP-RG5BBFG9" name="myAccountPageTests.VerifyPersonalInformation" tests="2" failures="0" timestamp="13 Sep 2021 14:48:36 GMT" time="209.037" errors="0">
  <testcase name="verifyPersonalInformationByEditing" time="121.985" classname="myAccountPageTests.VerifyPersonalInformation"/>
  <testcase name="verifyPersonalInformationByEditing" time="87.052" classname="myAccountPageTests.VerifyPersonalInformation"/>
</testsuite> <!-- myAccountPageTests.VerifyPersonalInformation -->
