<?xml version="1.0" encoding="UTF-8"?>
<!-- Generated by org.testng.reporters.JUnitReportReporter -->
<testsuite hostname="LAPTOP-RG5BBFG9" name="myAccountPageTests.ValidateMessageForInvalidContactType" tests="1" failures="0" timestamp="13 Sep 2021 14:48:36 GMT" time="83.169" errors="0">
  <testcase name="validateMessageForInvalidPreferredContactType" time="83.169" classname="myAccountPageTests.ValidateMessageForInvalidContactType"/>
</testsuite> <!-- myAccountPageTests.ValidateMessageForInvalidContactType -->
