<?xml version="1.0" encoding="UTF-8"?>
<!-- Generated by org.testng.reporters.JUnitReportReporter -->
<testsuite hostname="LAPTOP-RG5BBFG9" name="digitalCouponsPageTests.PrintClippedCoupons_CheckShowImg_Test" tests="2" failures="0" timestamp="11 Sep 2021 10:27:21 GMT" time="179.030" errors="0">
  <testcase name="printingClippedCouponsWithShowImagesChecked" time="81.128" classname="digitalCouponsPageTests.PrintClippedCoupons_CheckShowImg_Test"/>
  <testcase name="printingClippedCouponsWithShowImagesChecked" time="97.902" classname="digitalCouponsPageTests.PrintClippedCoupons_CheckShowImg_Test"/>
</testsuite> <!-- digitalCouponsPageTests.PrintClippedCoupons_CheckShowImg_Test -->
