<?xml version="1.0" encoding="UTF-8"?>
<!-- Generated by org.testng.reporters.JUnitReportReporter -->
<testsuite hostname="LAPTOP-RG5BBFG9" name="myAccountPageTests.VerifyPersonalInformation" tests="2" failures="0" timestamp="14 Sep 2021 16:47:04 GMT" time="111.240" errors="0">
  <testcase name="verifyPersonalInformationByEditing" time="60.900" classname="myAccountPageTests.VerifyPersonalInformation"/>
  <testcase name="verifyPersonalInformationByEditing" time="50.340" classname="myAccountPageTests.VerifyPersonalInformation"/>
</testsuite> <!-- myAccountPageTests.VerifyPersonalInformation -->
