<?xml version="1.0" encoding="UTF-8"?>
<!-- Generated by org.testng.reporters.JUnitReportReporter -->
<testsuite hostname="LAPTOP-RG5BBFG9" name="regressionTests.PrintClippedCouponsTest" tests="1" failures="0" timestamp="24 Aug 2021 06:04:58 GMT" time="103.398" errors="0">
  <testcase name="clippingCoupons" time="103.398" classname="regressionTests.PrintClippedCouponsTest"/>
</testsuite> <!-- regressionTests.PrintClippedCouponsTest -->
