<?xml version="1.0" encoding="UTF-8"?>
<!-- Generated by org.testng.reporters.JUnitReportReporter -->
<testsuite hostname="LAPTOP-RG5BBFG9" name="regressionTests.PrintClippedCoupons_UnCheckShowImg_Test" tests="2" failures="0" timestamp="5 Sep 2021 15:39:55 GMT" time="155.268" errors="0">
  <testcase name="printingClippedCouponsWithShowImagesUnChecked" time="84.219" classname="regressionTests.PrintClippedCoupons_UnCheckShowImg_Test"/>
  <testcase name="printingClippedCouponsWithShowImagesUnChecked" time="71.049" classname="regressionTests.PrintClippedCoupons_UnCheckShowImg_Test"/>
</testsuite> <!-- regressionTests.PrintClippedCoupons_UnCheckShowImg_Test -->
