<?xml version="1.0" encoding="UTF-8"?>
<!-- Generated by org.testng.reporters.JUnitReportReporter -->
<testsuite hostname="LAPTOP-RG5BBFG9" name="regressionTests.ClippedCouponExistsTest" tests="2" failures="0" timestamp="5 Sep 2021 15:39:55 GMT" time="144.137" errors="0">
  <testcase name="clippingCoupons" time="76.128" classname="regressionTests.ClippedCouponExistsTest"/>
  <testcase name="clippingCoupons" time="68.009" classname="regressionTests.ClippedCouponExistsTest"/>
</testsuite> <!-- regressionTests.ClippedCouponExistsTest -->
