<?xml version="1.0" encoding="UTF-8"?>
<!-- Generated by org.testng.reporters.JUnitReportReporter -->
<testsuite hostname="LAPTOP-RG5BBFG9" name="regressionTests.LoginTest" tests="7" failures="0" timestamp="16 Aug 2021 08:40:04 GMT" time="185.891" errors="0">
  <testcase name="verifyCouponDetails" time="26.340" classname="regressionTests.LoginTest"/>
  <testcase name="verifyCouponDetails" time="0.298" classname="regressionTests.LoginTest"/>
  <testcase name="verifyCouponDetails" time="0.699" classname="regressionTests.LoginTest"/>
  <testcase name="verifyCouponDetails" time="0.642" classname="regressionTests.LoginTest"/>
  <testcase name="verifyCouponDetails" time="0.501" classname="regressionTests.LoginTest"/>
  <testcase name="verifyCouponDetails" time="0.520" classname="regressionTests.LoginTest"/>
  <testcase name="couponDetailsVerification" time="156.891" classname="regressionTests.LoginTest"/>
</testsuite> <!-- regressionTests.LoginTest -->
