<?xml version="1.0" encoding="UTF-8"?>
<!-- Generated by org.testng.reporters.JUnitReportReporter -->
<testsuite hostname="LAPTOP-RG5BBFG9" name="digitalCouponsPageTests.CategoriesTest" tests="2" failures="0" timestamp="11 Sep 2021 10:27:21 GMT" time="116.499" errors="0">
  <testcase name="categoriesExtraction" time="63.161" classname="digitalCouponsPageTests.CategoriesTest"/>
  <testcase name="categoriesExtraction" time="53.338" classname="digitalCouponsPageTests.CategoriesTest"/>
</testsuite> <!-- digitalCouponsPageTests.CategoriesTest -->
