<?xml version="1.0" encoding="UTF-8"?>
<!-- Generated by org.testng.reporters.JUnitReportReporter -->
<testsuite hostname="LAPTOP-RG5BBFG9" name="myAccountPageTests.VerifyAddressProfile" tests="2" failures="0" timestamp="11 Sep 2021 08:17:02 GMT" time="142.486" errors="0">
  <testcase name="verifyAddressBookByAddingNewAddress" time="62.591" classname="myAccountPageTests.VerifyAddressProfile"/>
  <testcase name="verifyAddressBookByAddingNewAddress" time="79.895" classname="myAccountPageTests.VerifyAddressProfile"/>
</testsuite> <!-- myAccountPageTests.VerifyAddressProfile -->
