<?xml version="1.0" encoding="UTF-8"?>
<!-- Generated by org.testng.reporters.JUnitReportReporter -->
<testsuite hostname="LAPTOP-RG5BBFG9" name="digitalCouponsPageTests.ValidateSingleCategoryUnderCategoriesListedTest" tests="2" failures="0" timestamp="11 Sep 2021 10:27:21 GMT" time="144.487" errors="0">
  <testcase name="ValidateSingleCategoryUnderCategoriesListed" time="79.731" classname="digitalCouponsPageTests.ValidateSingleCategoryUnderCategoriesListedTest"/>
  <testcase name="ValidateSingleCategoryUnderCategoriesListed" time="64.756" classname="digitalCouponsPageTests.ValidateSingleCategoryUnderCategoriesListedTest"/>
</testsuite> <!-- digitalCouponsPageTests.ValidateSingleCategoryUnderCategoriesListedTest -->
