<?xml version="1.0" encoding="UTF-8"?>
<!-- Generated by org.testng.reporters.JUnitReportReporter -->
<testsuite hostname="LAPTOP-RG5BBFG9" name="regressionTests.CategoriesTest" tests="1" failures="0" timestamp="26 Aug 2021 06:39:06 GMT" time="84.395" errors="0">
  <testcase name="categoriesExtraction" time="84.395" classname="regressionTests.CategoriesTest"/>
</testsuite> <!-- regressionTests.CategoriesTest -->
