<?xml version="1.0" encoding="UTF-8"?>
<!-- Generated by org.testng.reporters.JUnitReportReporter -->
<testsuite hostname="LAPTOP-RG5BBFG9" name="digitalCouponsPageTests.PrintClippedCoupons_CheckShowImg_Test" tests="2" failures="0" timestamp="14 Sep 2021 11:57:04 GMT" time="169.137" errors="0">
  <testcase name="printingClippedCouponsWithShowImagesChecked" time="94.528" classname="digitalCouponsPageTests.PrintClippedCoupons_CheckShowImg_Test"/>
  <testcase name="printingClippedCouponsWithShowImagesChecked" time="74.609" classname="digitalCouponsPageTests.PrintClippedCoupons_CheckShowImg_Test"/>
</testsuite> <!-- digitalCouponsPageTests.PrintClippedCoupons_CheckShowImg_Test -->
