<?xml version="1.0" encoding="UTF-8"?>
<!-- Generated by org.testng.reporters.JUnitReportReporter -->
<testsuite hostname="LAPTOP-RG5BBFG9" name="regressionTests.BrandsTest" tests="1" failures="0" timestamp="25 Aug 2021 13:18:15 GMT" time="107.606" errors="0">
  <testcase name="brandsExtraction" time="107.606" classname="regressionTests.BrandsTest"/>
</testsuite> <!-- regressionTests.BrandsTest -->
