<?xml version="1.0" encoding="UTF-8"?>
<!-- Generated by org.testng.reporters.JUnitReportReporter -->
<testsuite hostname="LAPTOP-RG5BBFG9" name="regressionTests.PrintClippedCoupons_UnCheckShowImg_Test" tests="1" failures="0" timestamp="24 Aug 2021 21:25:29 GMT" time="191.934" errors="0">
  <testcase name="clippingCoupons" time="191.934" classname="regressionTests.PrintClippedCoupons_UnCheckShowImg_Test"/>
</testsuite> <!-- regressionTests.PrintClippedCoupons_UnCheckShowImg_Test -->
