<?xml version="1.0" encoding="UTF-8"?>
<!-- Generated by org.testng.reporters.JUnitReportReporter -->
<testsuite hostname="LAPTOP-RG5BBFG9" name="regressionTests.CategoriesTest" tests="2" failures="0" timestamp="2 Sep 2021 20:07:45 GMT" time="82.542" errors="0">
  <testcase name="categoriesExtraction" time="45.360" classname="regressionTests.CategoriesTest"/>
  <testcase name="categoriesExtraction" time="37.182" classname="regressionTests.CategoriesTest"/>
</testsuite> <!-- regressionTests.CategoriesTest -->
