<?xml version="1.0" encoding="UTF-8"?>
<!-- Generated by org.testng.reporters.JUnitReportReporter -->
<testsuite hostname="LAPTOP-RG5BBFG9" name="regressionTests.PrintClippedCoupons_CheckShowImg_Test" tests="2" failures="0" timestamp="5 Sep 2021 15:39:55 GMT" time="162.528" errors="0">
  <testcase name="printingClippedCouponsWithShowImagesChecked" time="75.440" classname="regressionTests.PrintClippedCoupons_CheckShowImg_Test"/>
  <testcase name="printingClippedCouponsWithShowImagesChecked" time="87.088" classname="regressionTests.PrintClippedCoupons_CheckShowImg_Test"/>
</testsuite> <!-- regressionTests.PrintClippedCoupons_CheckShowImg_Test -->
