<?xml version="1.0" encoding="UTF-8"?>
<!-- Generated by org.testng.reporters.JUnitReportReporter -->
<testsuite hostname="LAPTOP-RG5BBFG9" name="regressionTests.PrintClippedCoupons_UnCheckShowImg_Test" tests="2" failures="0" timestamp="3 Sep 2021 17:12:50 GMT" time="191.288" errors="0">
  <testcase name="printingClippedCouponsWithShowImagesUnChecked" time="105.688" classname="regressionTests.PrintClippedCoupons_UnCheckShowImg_Test"/>
  <testcase name="printingClippedCouponsWithShowImagesUnChecked" time="85.600" classname="regressionTests.PrintClippedCoupons_UnCheckShowImg_Test"/>
</testsuite> <!-- regressionTests.PrintClippedCoupons_UnCheckShowImg_Test -->
