<?xml version="1.0" encoding="UTF-8"?>
<!-- Generated by org.testng.reporters.JUnitReportReporter -->
<testsuite hostname="LAPTOP-RG5BBFG9" name="myAccountPageTests.VerifyStateWithHomeTown" tests="2" failures="0" timestamp="14 Sep 2021 16:47:04 GMT" time="133.865" errors="0">
  <testcase name="validateMessageForInvalidPreferredContactType" time="83.933" classname="myAccountPageTests.VerifyStateWithHomeTown"/>
  <testcase name="validateMessageForInvalidPreferredContactType" time="49.932" classname="myAccountPageTests.VerifyStateWithHomeTown"/>
</testsuite> <!-- myAccountPageTests.VerifyStateWithHomeTown -->
