<?xml version="1.0" encoding="UTF-8"?>
<!-- Generated by org.testng.reporters.JUnitReportReporter -->
<testsuite hostname="LAPTOP-RG5BBFG9" name="regressionTests.Category_Alphabetical_Order_Test" tests="1" failures="0" timestamp="22 Aug 2021 16:41:57 GMT" time="150.686" errors="0">
  <testcase name="categoriesExtraction" time="150.686" classname="regressionTests.Category_Alphabetical_Order_Test"/>
</testsuite> <!-- regressionTests.Category_Alphabetical_Order_Test -->
