<?xml version="1.0" encoding="UTF-8"?>
<!-- Generated by org.testng.reporters.JUnitReportReporter -->
<testsuite hostname="LAPTOP-RG5BBFG9" name="digitalCouponsPageTests.ValidateSingleCategoryUnderCategoriesListedTest" tests="2" failures="0" timestamp="14 Sep 2021 11:57:04 GMT" time="148.254" errors="0">
  <testcase name="ValidateSingleCategoryUnderCategoriesListed" time="84.543" classname="digitalCouponsPageTests.ValidateSingleCategoryUnderCategoriesListedTest"/>
  <testcase name="ValidateSingleCategoryUnderCategoriesListed" time="63.711" classname="digitalCouponsPageTests.ValidateSingleCategoryUnderCategoriesListedTest"/>
</testsuite> <!-- digitalCouponsPageTests.ValidateSingleCategoryUnderCategoriesListedTest -->
