<?xml version="1.0" encoding="UTF-8"?>
<!-- Generated by org.testng.reporters.JUnitReportReporter -->
<testsuite hostname="LAPTOP-RG5BBFG9" name="myAccountPageTests.VerifyStateWithHomeTown" tests="1" failures="0" timestamp="13 Sep 2021 14:48:36 GMT" time="84.068" errors="0">
  <testcase name="validateMessageForInvalidPreferredContactType" time="84.068" classname="myAccountPageTests.VerifyStateWithHomeTown"/>
</testsuite> <!-- myAccountPageTests.VerifyStateWithHomeTown -->
