<?xml version="1.0" encoding="UTF-8"?>
<!-- Generated by org.testng.reporters.JUnitReportReporter -->
<testsuite hostname="LAPTOP-RG5BBFG9" name="myAccountPageTests.ValidateMessageForInvalidContactType" tests="2" failures="0" timestamp="11 Sep 2021 08:17:02 GMT" time="133.998" errors="0">
  <testcase name="validateMessageForInvalidPreferredContactType" time="78.577" classname="myAccountPageTests.ValidateMessageForInvalidContactType"/>
  <testcase name="validateMessageForInvalidPreferredContactType" time="55.421" classname="myAccountPageTests.ValidateMessageForInvalidContactType"/>
</testsuite> <!-- myAccountPageTests.ValidateMessageForInvalidContactType -->
