<?xml version="1.0" encoding="UTF-8"?>
<!-- Generated by org.testng.reporters.JUnitReportReporter -->
<testsuite hostname="LAPTOP-RG5BBFG9" name="regressionTests.CategoriesTest" tests="1" failures="0" timestamp="28 Aug 2021 04:25:25 GMT" time="96.715" errors="0">
  <testcase name="categoriesExtraction" time="96.715" classname="regressionTests.CategoriesTest"/>
</testsuite> <!-- regressionTests.CategoriesTest -->
