<?xml version="1.0" encoding="UTF-8"?>
<!-- Generated by org.testng.reporters.JUnitReportReporter -->
<testsuite hostname="LAPTOP-RG5BBFG9" name="regressionTests.CategoryAlphabeticalOrderTest" tests="1" failures="0" timestamp="23 Aug 2021 13:35:58 GMT" time="154.670" errors="0">
  <testcase name="categoriesExtraction" time="154.670" classname="regressionTests.CategoryAlphabeticalOrderTest"/>
</testsuite> <!-- regressionTests.CategoryAlphabeticalOrderTest -->
