<?xml version="1.0" encoding="UTF-8"?>
<!-- Generated by org.testng.reporters.JUnitReportReporter -->
<testsuite hostname="LAPTOP-RG5BBFG9" name="myAccountPageTests.ValidateMessageForValidContactType" tests="2" failures="0" timestamp="11 Sep 2021 08:17:02 GMT" time="115.506" errors="0">
  <testcase name="validateMessageForValidPreferredContactType" time="47.808" classname="myAccountPageTests.ValidateMessageForValidContactType"/>
  <testcase name="validateMessageForValidPreferredContactType" time="67.698" classname="myAccountPageTests.ValidateMessageForValidContactType"/>
</testsuite> <!-- myAccountPageTests.ValidateMessageForValidContactType -->
