<?xml version="1.0" encoding="UTF-8"?>
<!-- Generated by org.testng.reporters.JUnitReportReporter -->
<testsuite hostname="LAPTOP-RG5BBFG9" name="regressionTests.ValidateSingleCategoryUnderCategoriesListedTest" tests="2" failures="0" timestamp="5 Sep 2021 15:39:55 GMT" time="131.417" errors="0">
  <testcase name="ValidateSingleCategoryUnderCategoriesListed" time="60.576" classname="regressionTests.ValidateSingleCategoryUnderCategoriesListedTest"/>
  <testcase name="ValidateSingleCategoryUnderCategoriesListed" time="70.841" classname="regressionTests.ValidateSingleCategoryUnderCategoriesListedTest"/>
</testsuite> <!-- regressionTests.ValidateSingleCategoryUnderCategoriesListedTest -->
