<?xml version="1.0" encoding="UTF-8"?>
<!-- Generated by org.testng.reporters.JUnitReportReporter -->
<testsuite hostname="LAPTOP-RG5BBFG9" name="regressionTests.BrandsTest" tests="2" failures="0" timestamp="3 Sep 2021 17:12:50 GMT" time="548.594" errors="0">
  <testcase name="brandsExtraction" time="352.281" classname="regressionTests.BrandsTest"/>
  <testcase name="brandsExtraction" time="196.313" classname="regressionTests.BrandsTest"/>
</testsuite> <!-- regressionTests.BrandsTest -->
