<?xml version="1.0" encoding="UTF-8"?>
<!-- Generated by org.testng.reporters.JUnitReportReporter -->
<testsuite hostname="LAPTOP-RG5BBFG9" name="myAccountPageTests.VerifyEmailSubscriptions" tests="2" failures="0" timestamp="14 Sep 2021 16:47:04 GMT" time="129.204" errors="0">
  <testcase name="verifyPersonalInformationByEditing" time="63.661" classname="myAccountPageTests.VerifyEmailSubscriptions"/>
  <testcase name="verifyPersonalInformationByEditing" time="65.543" classname="myAccountPageTests.VerifyEmailSubscriptions"/>
</testsuite> <!-- myAccountPageTests.VerifyEmailSubscriptions -->
