<?xml version="1.0" encoding="UTF-8"?>
<!-- Generated by org.testng.reporters.JUnitReportReporter -->
<testsuite hostname="LAPTOP-RG5BBFG9" name="regressionTests.ClippedCouponExistsTest" tests="1" failures="0" timestamp="25 Aug 2021 13:18:15 GMT" time="147.641" errors="0">
  <testcase name="clippingCoupons" time="147.641" classname="regressionTests.ClippedCouponExistsTest"/>
</testsuite> <!-- regressionTests.ClippedCouponExistsTest -->
