<?xml version="1.0" encoding="UTF-8"?>
<!-- Generated by org.testng.reporters.JUnitReportReporter -->
<testsuite hostname="LAPTOP-RG5BBFG9" name="digitalCouponsPageTests.BrandsTest" tests="2" failures="0" timestamp="14 Sep 2021 11:57:04 GMT" time="524.465" errors="0">
  <testcase name="brandsExtraction" time="305.453" classname="digitalCouponsPageTests.BrandsTest"/>
  <testcase name="brandsExtraction" time="219.012" classname="digitalCouponsPageTests.BrandsTest"/>
</testsuite> <!-- digitalCouponsPageTests.BrandsTest -->
