<?xml version="1.0" encoding="UTF-8"?>
<!-- Generated by org.testng.reporters.JUnitReportReporter -->
<testsuite hostname="LAPTOP-RG5BBFG9" name="regressionTests.ClippedCouponExistsTest" tests="1" failures="0" timestamp="31 Aug 2021 17:57:51 GMT" time="355.819" errors="0">
  <testcase name="clippingCoupons" time="355.819" classname="regressionTests.ClippedCouponExistsTest"/>
</testsuite> <!-- regressionTests.ClippedCouponExistsTest -->
