<?xml version="1.0" encoding="UTF-8"?>
<!-- Generated by org.testng.reporters.JUnitReportReporter -->
<testsuite hostname="LAPTOP-RG5BBFG9" name="regressionTests.ClippedCouponExistsTest" tests="2" failures="0" timestamp="3 Sep 2021 17:12:50 GMT" time="187.875" errors="0">
  <testcase name="clippingCoupons" time="107.164" classname="regressionTests.ClippedCouponExistsTest"/>
  <testcase name="clippingCoupons" time="80.711" classname="regressionTests.ClippedCouponExistsTest"/>
</testsuite> <!-- regressionTests.ClippedCouponExistsTest -->
