<?xml version="1.0" encoding="UTF-8"?>
<!-- Generated by org.testng.reporters.JUnitReportReporter -->
<testsuite hostname="LAPTOP-RG5BBFG9" name="digitalCouponsPageTests.PrintClippedCoupons_UnCheckShowImg_Test" tests="2" failures="0" timestamp="14 Sep 2021 11:57:04 GMT" time="177.359" errors="0">
  <testcase name="printingClippedCouponsWithShowImagesUnChecked" time="77.897" classname="digitalCouponsPageTests.PrintClippedCoupons_UnCheckShowImg_Test"/>
  <testcase name="printingClippedCouponsWithShowImagesUnChecked" time="99.462" classname="digitalCouponsPageTests.PrintClippedCoupons_UnCheckShowImg_Test"/>
</testsuite> <!-- digitalCouponsPageTests.PrintClippedCoupons_UnCheckShowImg_Test -->
