<?xml version="1.0" encoding="UTF-8"?>
<!-- Generated by org.testng.reporters.JUnitReportReporter -->
<testsuite hostname="LAPTOP-RG5BBFG9" name="digitalCouponsPageTests.PrintClippedCoupons_UnCheckShowImg_Test" tests="2" failures="0" timestamp="11 Sep 2021 10:27:21 GMT" time="169.008" errors="0">
  <testcase name="printingClippedCouponsWithShowImagesUnChecked" time="75.652" classname="digitalCouponsPageTests.PrintClippedCoupons_UnCheckShowImg_Test"/>
  <testcase name="printingClippedCouponsWithShowImagesUnChecked" time="93.356" classname="digitalCouponsPageTests.PrintClippedCoupons_UnCheckShowImg_Test"/>
</testsuite> <!-- digitalCouponsPageTests.PrintClippedCoupons_UnCheckShowImg_Test -->
