<?xml version="1.0" encoding="UTF-8"?>
<!-- Generated by org.testng.reporters.JUnitReportReporter -->
<testsuite hostname="LAPTOP-RG5BBFG9" name="regressionTests.PrintClippedCoupons_CheckShowImg_Test" tests="1" failures="0" timestamp="28 Aug 2021 04:25:25 GMT" time="153.715" errors="0">
  <testcase name="printingClippedCouponsWithShowImagesChecked" time="153.715" classname="regressionTests.PrintClippedCoupons_CheckShowImg_Test"/>
</testsuite> <!-- regressionTests.PrintClippedCoupons_CheckShowImg_Test -->
