<?xml version="1.0" encoding="UTF-8"?>
<!-- Generated by org.testng.reporters.JUnitReportReporter -->
<testsuite hostname="LAPTOP-RG5BBFG9" name="regressionTests.PrintClippedCoupons_UnCheckShowImg_Test" tests="1" failures="0" timestamp="31 Aug 2021 17:57:51 GMT" time="447.036" errors="0">
  <testcase name="printingClippedCouponsWithShowImagesUnChecked" time="447.036" classname="regressionTests.PrintClippedCoupons_UnCheckShowImg_Test"/>
</testsuite> <!-- regressionTests.PrintClippedCoupons_UnCheckShowImg_Test -->
