<?xml version="1.0" encoding="UTF-8"?>
<!-- Generated by org.testng.reporters.JUnitReportReporter -->
<testsuite hostname="LAPTOP-RG5BBFG9" name="myAccountPageTests.VerifyAddressBookByDeletingAddress" tests="2" failures="0" timestamp="14 Sep 2021 16:47:04 GMT" time="132.900" errors="0">
  <testcase name="verifyAddressBookByDeletingLatestUpdatedAddress" time="51.324" classname="myAccountPageTests.VerifyAddressBookByDeletingAddress"/>
  <testcase name="verifyAddressBookByDeletingLatestUpdatedAddress" time="81.576" classname="myAccountPageTests.VerifyAddressBookByDeletingAddress"/>
</testsuite> <!-- myAccountPageTests.VerifyAddressBookByDeletingAddress -->
