<?xml version="1.0" encoding="UTF-8"?>
<!-- Generated by org.testng.reporters.JUnitReportReporter -->
<testsuite hostname="LAPTOP-RG5BBFG9" name="regressionTests.BrandsTest" tests="2" failures="0" timestamp="2 Sep 2021 20:07:45 GMT" time="169.321" errors="0">
  <testcase name="brandsExtraction" time="78.459" classname="regressionTests.BrandsTest"/>
  <testcase name="brandsExtraction" time="90.862" classname="regressionTests.BrandsTest"/>
</testsuite> <!-- regressionTests.BrandsTest -->
