<?xml version="1.0" encoding="UTF-8"?>
<!-- Generated by org.testng.reporters.JUnitReportReporter -->
<testsuite hostname="LAPTOP-RG5BBFG9" name="digitalCouponsPageTests.ClippedCouponExistsTest" tests="2" failures="0" timestamp="14 Sep 2021 11:57:04 GMT" time="173.484" errors="0">
  <testcase name="clippingCoupons" time="79.018" classname="digitalCouponsPageTests.ClippedCouponExistsTest"/>
  <testcase name="clippingCoupons" time="94.466" classname="digitalCouponsPageTests.ClippedCouponExistsTest"/>
</testsuite> <!-- digitalCouponsPageTests.ClippedCouponExistsTest -->
