<?xml version="1.0" encoding="UTF-8"?>
<!-- Generated by org.testng.reporters.JUnitReportReporter -->
<testsuite hostname="LAPTOP-RG5BBFG9" name="myAccountPageTests.ValidateMessageForInvalidContactType" tests="2" failures="0" timestamp="14 Sep 2021 16:47:04 GMT" time="128.659" errors="0">
  <testcase name="validateMessageForInvalidPreferredContactType" time="75.621" classname="myAccountPageTests.ValidateMessageForInvalidContactType"/>
  <testcase name="validateMessageForInvalidPreferredContactType" time="53.038" classname="myAccountPageTests.ValidateMessageForInvalidContactType"/>
</testsuite> <!-- myAccountPageTests.ValidateMessageForInvalidContactType -->
