<?xml version="1.0" encoding="UTF-8"?>
<!-- Generated by org.testng.reporters.JUnitReportReporter -->
<testsuite hostname="LAPTOP-RG5BBFG9" name="regressionTests.CategoriesTest" tests="2" failures="0" timestamp="3 Sep 2021 17:12:50 GMT" time="117.176" errors="0">
  <testcase name="categoriesExtraction" time="55.800" classname="regressionTests.CategoriesTest"/>
  <testcase name="categoriesExtraction" time="61.376" classname="regressionTests.CategoriesTest"/>
</testsuite> <!-- regressionTests.CategoriesTest -->
