<?xml version="1.0" encoding="UTF-8"?>
<!-- Generated by org.testng.reporters.JUnitReportReporter -->
<testsuite hostname="LAPTOP-RG5BBFG9" name="digitalCouponsPageTests.BrandsTest" tests="2" failures="0" timestamp="11 Sep 2021 10:27:21 GMT" time="501.369" errors="0">
  <testcase name="brandsExtraction" time="250.991" classname="digitalCouponsPageTests.BrandsTest"/>
  <testcase name="brandsExtraction" time="250.378" classname="digitalCouponsPageTests.BrandsTest"/>
</testsuite> <!-- digitalCouponsPageTests.BrandsTest -->
