<?xml version="1.0" encoding="UTF-8"?>
<!-- Generated by org.testng.reporters.JUnitReportReporter -->
<testsuite hostname="LAPTOP-RG5BBFG9" name="regressionTests.PrintClippedCoupons_UnCheckShowImg_Test" tests="2" failures="0" timestamp="2 Sep 2021 20:07:45 GMT" time="144.600" errors="0">
  <testcase name="printingClippedCouponsWithShowImagesUnChecked" time="80.490" classname="regressionTests.PrintClippedCoupons_UnCheckShowImg_Test"/>
  <testcase name="printingClippedCouponsWithShowImagesUnChecked" time="64.110" classname="regressionTests.PrintClippedCoupons_UnCheckShowImg_Test"/>
</testsuite> <!-- regressionTests.PrintClippedCoupons_UnCheckShowImg_Test -->
