<?xml version="1.0" encoding="UTF-8"?>
<!-- Generated by org.testng.reporters.JUnitReportReporter -->
<testsuite hostname="LAPTOP-RG5BBFG9" name="regressionTests.CouponDetailsTest" tests="7" failures="0" timestamp="16 Aug 2021 13:52:55 GMT" time="311.018" errors="0">
  <testcase name="verifyCouponDetails" time="0.749" classname="regressionTests.CouponDetailsTest"/>
  <testcase name="verifyCouponDetails" time="1.430" classname="regressionTests.CouponDetailsTest"/>
  <testcase name="verifyCouponDetails" time="52.034" classname="regressionTests.CouponDetailsTest"/>
  <testcase name="verifyCouponDetails" time="0.573" classname="regressionTests.CouponDetailsTest"/>
  <testcase name="verifyCouponDetails" time="1.739" classname="regressionTests.CouponDetailsTest"/>
  <testcase name="couponDetailsExtraction" time="253.184" classname="regressionTests.CouponDetailsTest"/>
  <testcase name="verifyCouponDetails" time="1.309" classname="regressionTests.CouponDetailsTest"/>
</testsuite> <!-- regressionTests.CouponDetailsTest -->
