<?xml version="1.0" encoding="UTF-8"?>
<!-- Generated by org.testng.reporters.JUnitReportReporter -->
<testsuite hostname="LAPTOP-RG5BBFG9" name="regressionTests.CategoriesTest" tests="2" failures="0" timestamp="5 Sep 2021 15:39:55 GMT" time="98.704" errors="0">
  <testcase name="categoriesExtraction" time="44.796" classname="regressionTests.CategoriesTest"/>
  <testcase name="categoriesExtraction" time="53.908" classname="regressionTests.CategoriesTest"/>
</testsuite> <!-- regressionTests.CategoriesTest -->
