<?xml version="1.0" encoding="UTF-8"?>
<!-- Generated by org.testng.reporters.JUnitReportReporter -->
<testsuite hostname="LAPTOP-RG5BBFG9" name="myAccountPageTests.ValidateMessageForValidContactType" tests="1" failures="0" timestamp="13 Sep 2021 14:48:36 GMT" time="97.203" errors="0">
  <testcase name="validateMessageForValidPreferredContactType" time="97.203" classname="myAccountPageTests.ValidateMessageForValidContactType"/>
</testsuite> <!-- myAccountPageTests.ValidateMessageForValidContactType -->
