<?xml version="1.0" encoding="UTF-8"?>
<!-- Generated by org.testng.reporters.JUnitReportReporter -->
<testsuite hostname="LAPTOP-RG5BBFG9" name="regressionTests.ClippedCouponsTest" tests="1" failures="0" timestamp="23 Aug 2021 07:58:55 GMT" time="109.161" errors="0">
  <testcase name="clippingCoupons" time="109.161" classname="regressionTests.ClippedCouponsTest"/>
</testsuite> <!-- regressionTests.ClippedCouponsTest -->
