<?xml version="1.0" encoding="UTF-8"?>
<!-- Generated by org.testng.reporters.JUnitReportReporter -->
<testsuite hostname="LAPTOP-RG5BBFG9" name="regressionTests.ClippedCouponExistsTest" tests="1" failures="0" timestamp="28 Aug 2021 04:25:25 GMT" time="151.341" errors="0">
  <testcase name="clippingCoupons" time="151.341" classname="regressionTests.ClippedCouponExistsTest"/>
</testsuite> <!-- regressionTests.ClippedCouponExistsTest -->
