<?xml version="1.0" encoding="UTF-8"?>
<!-- Generated by org.testng.reporters.JUnitReportReporter -->
<testsuite hostname="LAPTOP-RG5BBFG9" name="regressionTests.BrandsTest" tests="1" failures="0" timestamp="31 Aug 2021 17:57:51 GMT" time="249.896" errors="0">
  <testcase name="brandsExtraction" time="249.896" classname="regressionTests.BrandsTest"/>
</testsuite> <!-- regressionTests.BrandsTest -->
