<?xml version="1.0" encoding="UTF-8"?>
<!-- Generated by org.testng.reporters.JUnitReportReporter -->
<testsuite hostname="LAPTOP-RG5BBFG9" name="myAccountPageTests.VerifyAddressBookByAddingNewAddress" tests="2" failures="0" timestamp="14 Sep 2021 16:47:04 GMT" time="135.063" errors="0">
  <testcase name="verifyAddressBookByAddingNewAddress" time="57.830" classname="myAccountPageTests.VerifyAddressBookByAddingNewAddress"/>
  <testcase name="verifyAddressBookByAddingNewAddress" time="77.233" classname="myAccountPageTests.VerifyAddressBookByAddingNewAddress"/>
</testsuite> <!-- myAccountPageTests.VerifyAddressBookByAddingNewAddress -->
