<?xml version="1.0" encoding="UTF-8"?>
<!-- Generated by org.testng.reporters.JUnitReportReporter -->
<testsuite hostname="LAPTOP-RG5BBFG9" name="regressionTests.ClippedCouponExistsTest" tests="2" failures="0" timestamp="2 Sep 2021 20:07:45 GMT" time="154.715" errors="0">
  <testcase name="clippingCoupons" time="84.023" classname="regressionTests.ClippedCouponExistsTest"/>
  <testcase name="clippingCoupons" time="70.692" classname="regressionTests.ClippedCouponExistsTest"/>
</testsuite> <!-- regressionTests.ClippedCouponExistsTest -->
