<?xml version="1.0" encoding="UTF-8"?>
<!-- Generated by org.testng.reporters.JUnitReportReporter -->
<testsuite hostname="LAPTOP-RG5BBFG9" name="regressionTests.PrintClippedCoupons_CheckShowImg_Test" tests="2" failures="0" timestamp="2 Sep 2021 20:07:45 GMT" time="156.728" errors="0">
  <testcase name="printingClippedCouponsWithShowImagesChecked" time="87.614" classname="regressionTests.PrintClippedCoupons_CheckShowImg_Test"/>
  <testcase name="printingClippedCouponsWithShowImagesChecked" time="69.114" classname="regressionTests.PrintClippedCoupons_CheckShowImg_Test"/>
</testsuite> <!-- regressionTests.PrintClippedCoupons_CheckShowImg_Test -->
