<?xml version="1.0" encoding="UTF-8"?>
<!-- Generated by org.testng.reporters.JUnitReportReporter -->
<testsuite hostname="LAPTOP-RG5BBFG9" name="regressionTests.BrandsTest" tests="2" failures="0" timestamp="5 Sep 2021 15:39:55 GMT" time="362.442" errors="0">
  <testcase name="brandsExtraction" time="183.217" classname="regressionTests.BrandsTest"/>
  <testcase name="brandsExtraction" time="179.225" classname="regressionTests.BrandsTest"/>
</testsuite> <!-- regressionTests.BrandsTest -->
