<?xml version="1.0" encoding="UTF-8"?>
<!-- Generated by org.testng.reporters.JUnitReportReporter -->
<testsuite hostname="LAPTOP-RG5BBFG9" name="myAccountPageTests.VerifyPersonalInformation" tests="2" failures="0" timestamp="11 Sep 2021 08:17:02 GMT" time="113.171" errors="0">
  <testcase name="verifyPersonalInformationByEditing" time="43.906" classname="myAccountPageTests.VerifyPersonalInformation"/>
  <testcase name="verifyPersonalInformationByEditing" time="69.265" classname="myAccountPageTests.VerifyPersonalInformation"/>
</testsuite> <!-- myAccountPageTests.VerifyPersonalInformation -->
