<?xml version="1.0" encoding="UTF-8"?>
<!-- Generated by org.testng.reporters.JUnitReportReporter -->
<testsuite hostname="LAPTOP-RG5BBFG9" name="digitalCouponsPageTests.CategoriesTest" tests="2" failures="0" timestamp="14 Sep 2021 11:57:04 GMT" time="128.643" errors="0">
  <testcase name="categoriesExtraction" time="65.249" classname="digitalCouponsPageTests.CategoriesTest"/>
  <testcase name="categoriesExtraction" time="63.394" classname="digitalCouponsPageTests.CategoriesTest"/>
</testsuite> <!-- digitalCouponsPageTests.CategoriesTest -->
