<?xml version="1.0" encoding="UTF-8"?>
<!-- Generated by org.testng.reporters.JUnitReportReporter -->
<testsuite hostname="LAPTOP-RG5BBFG9" name="regressionTests.SampleTest" tests="1" failures="0" timestamp="25 Aug 2021 09:10:06 GMT" time="131.331" errors="0">
  <testcase name="clippingCoupons" time="131.331" classname="regressionTests.SampleTest"/>
</testsuite> <!-- regressionTests.SampleTest -->
