<?xml version="1.0" encoding="UTF-8"?>
<!-- Generated by org.testng.reporters.JUnitReportReporter -->
<testsuite hostname="LAPTOP-RG5BBFG9" name="regressionTests.ValidateSingleCategoryUnderCategoriesListedTest" tests="2" failures="0" timestamp="2 Sep 2021 20:07:45 GMT" time="131.432" errors="0">
  <testcase name="ValidateSingleCategoryUnderCategoriesListed" time="71.652" classname="regressionTests.ValidateSingleCategoryUnderCategoriesListedTest"/>
  <testcase name="ValidateSingleCategoryUnderCategoriesListed" time="59.780" classname="regressionTests.ValidateSingleCategoryUnderCategoriesListedTest"/>
</testsuite> <!-- regressionTests.ValidateSingleCategoryUnderCategoriesListedTest -->
