<?xml version="1.0" encoding="UTF-8"?>
<!-- Generated by org.testng.reporters.JUnitReportReporter -->
<testsuite hostname="LAPTOP-RG5BBFG9" name="regressionTests.BrandsTest" tests="1" failures="0" timestamp="26 Aug 2021 06:39:06 GMT" time="99.952" errors="0">
  <testcase name="brandsExtraction" time="99.952" classname="regressionTests.BrandsTest"/>
</testsuite> <!-- regressionTests.BrandsTest -->
