<?xml version="1.0" encoding="UTF-8"?>
<!-- Generated by org.testng.reporters.JUnitReportReporter -->
<testsuite hostname="LAPTOP-RG5BBFG9" name="regressionTests.ValidateSingleCategoryUnderCategoriesListedTest" tests="2" failures="0" timestamp="3 Sep 2021 17:12:50 GMT" time="180.435" errors="0">
  <testcase name="ValidateSingleCategoryUnderCategoriesListed" time="95.357" classname="regressionTests.ValidateSingleCategoryUnderCategoriesListedTest"/>
  <testcase name="ValidateSingleCategoryUnderCategoriesListed" time="85.078" classname="regressionTests.ValidateSingleCategoryUnderCategoriesListedTest"/>
</testsuite> <!-- regressionTests.ValidateSingleCategoryUnderCategoriesListedTest -->
