<?xml version="1.0" encoding="UTF-8"?>
<!-- Generated by org.testng.reporters.JUnitReportReporter -->
<testsuite hostname="LAPTOP-RG5BBFG9" name="digitalCouponsPageTests.ClippedCouponExistsTest" tests="2" failures="0" timestamp="11 Sep 2021 10:27:21 GMT" time="175.150" errors="0">
  <testcase name="clippingCoupons" time="77.431" classname="digitalCouponsPageTests.ClippedCouponExistsTest"/>
  <testcase name="clippingCoupons" time="97.719" classname="digitalCouponsPageTests.ClippedCouponExistsTest"/>
</testsuite> <!-- digitalCouponsPageTests.ClippedCouponExistsTest -->
