<?xml version="1.0" encoding="UTF-8"?>
<!-- Generated by org.testng.reporters.JUnitReportReporter -->
<testsuite hostname="LAPTOP-RG5BBFG9" name="myAccountPageTests.validateMessageForInvalidContactType" tests="2" failures="0" timestamp="9 Sep 2021 05:30:45 GMT" time="119.681" errors="0">
  <testcase name="brandsExtraction" time="50.740" classname="myAccountPageTests.validateMessageForInvalidContactType"/>
  <testcase name="brandsExtraction" time="68.941" classname="myAccountPageTests.validateMessageForInvalidContactType"/>
</testsuite> <!-- myAccountPageTests.validateMessageForInvalidContactType -->
